mode: set
police-police-mashed-potatoes/loadData.go:25.29,27.2 1 0
police-police-mashed-potatoes/loadData.go:31.25,37.16 4 0
police-police-mashed-potatoes/loadData.go:42.2,46.16 3 0
police-police-mashed-potatoes/loadData.go:51.2,53.16 2 0
police-police-mashed-potatoes/loadData.go:58.2,58.16 1 0
police-police-mashed-potatoes/loadData.go:37.16,40.3 2 0
police-police-mashed-potatoes/loadData.go:46.16,49.3 2 0
police-police-mashed-potatoes/loadData.go:53.16,56.3 2 0
police-police-mashed-potatoes/main.go:5.35,11.2 5 0
police-police-mashed-potatoes/main.go:13.13,17.2 3 0
police-police-mashed-potatoes/processData.go:9.44,12.29 2 1
police-police-mashed-potatoes/processData.go:19.2,21.35 3 1
police-police-mashed-potatoes/processData.go:28.2,28.28 1 1
police-police-mashed-potatoes/processData.go:12.29,13.48 1 1
police-police-mashed-potatoes/processData.go:16.3,16.35 1 1
police-police-mashed-potatoes/processData.go:13.48,15.4 1 1
police-police-mashed-potatoes/processData.go:21.35,22.25 1 1
police-police-mashed-potatoes/processData.go:22.25,25.4 2 1
police-police-mashed-potatoes/processData.go:31.45,34.29 2 1
police-police-mashed-potatoes/processData.go:42.2,44.34 3 1
police-police-mashed-potatoes/processData.go:51.2,51.27 1 1
police-police-mashed-potatoes/processData.go:34.29,35.46 1 1
police-police-mashed-potatoes/processData.go:39.3,39.33 1 1
police-police-mashed-potatoes/processData.go:35.46,37.4 1 1
police-police-mashed-potatoes/processData.go:44.34,45.25 1 1
police-police-mashed-potatoes/processData.go:45.25,48.4 2 1
police-police-mashed-potatoes/processData.go:55.48,62.2 5 1
